[BUG]: out of license

## Command Line
C:\Users\Admin0\AppData\Roaming\Python\Python313\Scripts\pyarmor gen --output C:\Projects\ssc.game.rhythm\build\obf --recursive C:\Projects\ssc.game.rhythm\src

## Environments
Python 3.13.5
Pyarmor 9.2.4 (trial), 000000, non-profits
Platform windows.x86_64
Native windows.amd64
Home C:\Users\Admin0\.pyarmor

## Traceback
Traceback (most recent call last):
  File "C:\Users\Admin0\AppData\Roaming\Python\Python313\site-packages\pyarmor\cli\__main__.py", line 804, in main
    main_entry(sys.argv[1:])
    ~~~~~~~~~~^^^^^^^^^^^^^^
  File "C:\Users\Admin0\AppData\Roaming\Python\Python313\site-packages\pyarmor\cli\__main__.py", line 789, in main_entry
    return args.func(ctx, args)
           ~~~~~~~~~^^^^^^^^^^^
  File "C:\Users\Admin0\AppData\Roaming\Python\Python313\site-packages\pyarmor\cli\__main__.py", line 248, in cmd_gen
    builder.process(options)
    ~~~~~~~~~~~~~~~^^^^^^^^^
  File "C:\Users\Admin0\AppData\Roaming\Python\Python313\site-packages\pyarmor\cli\generate.py", line 190, in process
    async_obfuscate_scripts(self, n) if n else self._obfuscate_scripts()
                                               ~~~~~~~~~~~~~~~~~~~~~~~^^
  File "C:\Users\Admin0\AppData\Roaming\Python\Python313\site-packages\pyarmor\cli\generate.py", line 145, in _obfuscate_scripts
    code = Pytransform3.generate_obfuscated_script(self.ctx, r)
  File "C:\Users\Admin0\AppData\Roaming\Python\Python313\site-packages\pyarmor\cli\core\__init__.py", line 95, in generate_obfuscated_script
    return m.generate_obfuscated_script(ctx, res)
           ~~~~~~~~~~~~~~~~~~~~~~~~~~~~^^^^^^^^^^
  File "<maker>", line 728, in generate_obfuscated_script
  File "C:\Users\Admin0\AppData\Roaming\Python\Python313\site-packages\pyarmor\cli\__init__.py", line 16, in process
    return meth(self, res, *args, **kwargs)
  File "<maker>", line 553, in process
  File "<maker>", line 559, in coserialize
  File "<maker>", line 609, in _build_ast_body
RuntimeError: out of license


